GL_LOG_FILE log. local time Thu Dec 13 16:12:17 2018
build version: Dec 13 2018 16:12:11

starting GLFW
3.3.0 Cocoa NSGL
renderer: NVIDIA GeForce GTX 660M OpenGL Engine
version: 2.1 NVIDIA-10.17.5 355.10.05.45f01
GL Context Params:
GL_MAX_COMBINED_TEXTURE_IMAGE_UNITS 16
GL_MAX_CUBE_MAP_TEXTURE_SIZE 16384
GL_MAX_DRAW_BUFFERS 8
GL_MAX_FRAGMENT_UNIFORM_COMPONENTS 2048
GL_MAX_TEXTURE_IMAGE_UNITS 16
GL_MAX_TEXTURE_SIZE 16384
GL_MAX_VARYING_FLOATS 124
GL_MAX_VERTEX_ATTRIBS 16
GL_MAX_VERTEX_TEXTURE_IMAGE_UNITS 16
GL_MAX_VERTEX_UNIFORM_COMPONENTS 4096
GL_MAX_VIEWPORT_DIMS 16384 16384
GL_STEREO 0
-----------------------------
