The system is: Darwin - 16.7.0 - x86_64
Compiling the C compiler identification source file "CMakeCCompilerId.c" succeeded.
Compiler: /Applications/Xcode.app/Contents/Developer/Toolchains/XcodeDefault.xctoolchain/usr/bin/cc 
Build flags: 
Id flags:  

The output was:
0


Compilation of the C compiler identification source "CMakeCCompilerId.c" produced "a.out"

The C compiler identification is AppleClang, found in "/Users/cbesse/projet/scop/lib/glfw/CMakeFiles/3.13.1/CompilerIdC/a.out"

Determining if the C compiler works passed with the following output:
Change Dir: /Users/cbesse/projet/scop/lib/glfw/CMakeFiles/CMakeTmp

Run Build Command:"/usr/bin/make" "cmTC_997f9/fast"
/Applications/Xcode.app/Contents/Developer/usr/bin/make -f CMakeFiles/cmTC_997f9.dir/build.make CMakeFiles/cmTC_997f9.dir/build
Building C object CMakeFiles/cmTC_997f9.dir/testCCompiler.c.o
/Applications/Xcode.app/Contents/Developer/Toolchains/XcodeDefault.xctoolchain/usr/bin/cc    -o CMakeFiles/cmTC_997f9.dir/testCCompiler.c.o   -c /Users/cbesse/projet/scop/lib/glfw/CMakeFiles/CMakeTmp/testCCompiler.c
Linking C executable cmTC_997f9
/Users/cbesse/.brew/Cellar/cmake/3.13.1/bin/cmake -E cmake_link_script CMakeFiles/cmTC_997f9.dir/link.txt --verbose=1
/Applications/Xcode.app/Contents/Developer/Toolchains/XcodeDefault.xctoolchain/usr/bin/cc   -Wl,-search_paths_first -Wl,-headerpad_max_install_names   CMakeFiles/cmTC_997f9.dir/testCCompiler.c.o  -o cmTC_997f9 


Detecting C compiler ABI info compiled with the following output:
Change Dir: /Users/cbesse/projet/scop/lib/glfw/CMakeFiles/CMakeTmp

Run Build Command:"/usr/bin/make" "cmTC_1ce8f/fast"
/Applications/Xcode.app/Contents/Developer/usr/bin/make -f CMakeFiles/cmTC_1ce8f.dir/build.make CMakeFiles/cmTC_1ce8f.dir/build
Building C object CMakeFiles/cmTC_1ce8f.dir/CMakeCCompilerABI.c.o
/Applications/Xcode.app/Contents/Developer/Toolchains/XcodeDefault.xctoolchain/usr/bin/cc    -o CMakeFiles/cmTC_1ce8f.dir/CMakeCCompilerABI.c.o   -c /Users/cbesse/.brew/Cellar/cmake/3.13.1/share/cmake/Modules/CMakeCCompilerABI.c
Linking C executable cmTC_1ce8f
/Users/cbesse/.brew/Cellar/cmake/3.13.1/bin/cmake -E cmake_link_script CMakeFiles/cmTC_1ce8f.dir/link.txt --verbose=1
/Applications/Xcode.app/Contents/Developer/Toolchains/XcodeDefault.xctoolchain/usr/bin/cc   -Wl,-search_paths_first -Wl,-headerpad_max_install_names  -v -Wl,-v CMakeFiles/cmTC_1ce8f.dir/CMakeCCompilerABI.c.o  -o cmTC_1ce8f 
Apple LLVM version 9.0.0 (clang-900.0.39.2)
Target: x86_64-apple-darwin16.7.0
Thread model: posix
InstalledDir: /Applications/Xcode.app/Contents/Developer/Toolchains/XcodeDefault.xctoolchain/usr/bin
 "/Applications/Xcode.app/Contents/Developer/Toolchains/XcodeDefault.xctoolchain/usr/bin/ld" -demangle -lto_library /Applications/Xcode.app/Contents/Developer/Toolchains/XcodeDefault.xctoolchain/usr/lib/libLTO.dylib -dynamic -arch x86_64 -macosx_version_min 10.12.0 -o cmTC_1ce8f -search_paths_first -headerpad_max_install_names -v CMakeFiles/cmTC_1ce8f.dir/CMakeCCompilerABI.c.o -lSystem /Applications/Xcode.app/Contents/Developer/Toolchains/XcodeDefault.xctoolchain/usr/lib/clang/9.0.0/lib/darwin/libclang_rt.osx.a
@(#)PROGRAM:ld  PROJECT:ld64-305
configured to support archs: armv6 armv7 armv7s arm64 i386 x86_64 x86_64h armv6m armv7k armv7m armv7em (tvOS)
Library search paths:
	/usr/lib
	/usr/local/lib
Framework search paths:
	/Library/Frameworks/
	/System/Library/Frameworks/


Parsed C implicit link information from above output:
  link line regex: [^( *|.*[/\])(ld|CMAKE_LINK_STARTFILE-NOTFOUND|([^/\]+-)?ld|collect2)[^/\]*( |$)]
  ignore line: [Change Dir: /Users/cbesse/projet/scop/lib/glfw/CMakeFiles/CMakeTmp]
  ignore line: []
  ignore line: [Run Build Command:"/usr/bin/make" "cmTC_1ce8f/fast"]
  ignore line: [/Applications/Xcode.app/Contents/Developer/usr/bin/make -f CMakeFiles/cmTC_1ce8f.dir/build.make CMakeFiles/cmTC_1ce8f.dir/build]
  ignore line: [Building C object CMakeFiles/cmTC_1ce8f.dir/CMakeCCompilerABI.c.o]
  ignore line: [/Applications/Xcode.app/Contents/Developer/Toolchains/XcodeDefault.xctoolchain/usr/bin/cc    -o CMakeFiles/cmTC_1ce8f.dir/CMakeCCompilerABI.c.o   -c /Users/cbesse/.brew/Cellar/cmake/3.13.1/share/cmake/Modules/CMakeCCompilerABI.c]
  ignore line: [Linking C executable cmTC_1ce8f]
  ignore line: [/Users/cbesse/.brew/Cellar/cmake/3.13.1/bin/cmake -E cmake_link_script CMakeFiles/cmTC_1ce8f.dir/link.txt --verbose=1]
  ignore line: [/Applications/Xcode.app/Contents/Developer/Toolchains/XcodeDefault.xctoolchain/usr/bin/cc   -Wl,-search_paths_first -Wl,-headerpad_max_install_names  -v -Wl,-v CMakeFiles/cmTC_1ce8f.dir/CMakeCCompilerABI.c.o  -o cmTC_1ce8f ]
  ignore line: [Apple LLVM version 9.0.0 (clang-900.0.39.2)]
  ignore line: [Target: x86_64-apple-darwin16.7.0]
  ignore line: [Thread model: posix]
  ignore line: [InstalledDir: /Applications/Xcode.app/Contents/Developer/Toolchains/XcodeDefault.xctoolchain/usr/bin]
  link line: [ "/Applications/Xcode.app/Contents/Developer/Toolchains/XcodeDefault.xctoolchain/usr/bin/ld" -demangle -lto_library /Applications/Xcode.app/Contents/Developer/Toolchains/XcodeDefault.xctoolchain/usr/lib/libLTO.dylib -dynamic -arch x86_64 -macosx_version_min 10.12.0 -o cmTC_1ce8f -search_paths_first -headerpad_max_install_names -v CMakeFiles/cmTC_1ce8f.dir/CMakeCCompilerABI.c.o -lSystem /Applications/Xcode.app/Contents/Developer/Toolchains/XcodeDefault.xctoolchain/usr/lib/clang/9.0.0/lib/darwin/libclang_rt.osx.a]
    arg [/Applications/Xcode.app/Contents/Developer/Toolchains/XcodeDefault.xctoolchain/usr/bin/ld] ==> ignore
    arg [-demangle] ==> ignore
    arg [-lto_library] ==> ignore, skip following value
    arg [/Applications/Xcode.app/Contents/Developer/Toolchains/XcodeDefault.xctoolchain/usr/lib/libLTO.dylib] ==> skip value of -lto_library
    arg [-dynamic] ==> ignore
    arg [-arch] ==> ignore
    arg [x86_64] ==> ignore
    arg [-macosx_version_min] ==> ignore
    arg [10.12.0] ==> ignore
    arg [-o] ==> ignore
    arg [cmTC_1ce8f] ==> ignore
    arg [-search_paths_first] ==> ignore
    arg [-headerpad_max_install_names] ==> ignore
    arg [-v] ==> ignore
    arg [CMakeFiles/cmTC_1ce8f.dir/CMakeCCompilerABI.c.o] ==> ignore
    arg [-lSystem] ==> lib [System]
    arg [/Applications/Xcode.app/Contents/Developer/Toolchains/XcodeDefault.xctoolchain/usr/lib/clang/9.0.0/lib/darwin/libclang_rt.osx.a] ==> lib [/Applications/Xcode.app/Contents/Developer/Toolchains/XcodeDefault.xctoolchain/usr/lib/clang/9.0.0/lib/darwin/libclang_rt.osx.a]
  Library search paths: [;/usr/lib;/usr/local/lib]
  Framework search paths: [;/Library/Frameworks/;/System/Library/Frameworks/]
  remove lib [System]
  remove lib [/Applications/Xcode.app/Contents/Developer/Toolchains/XcodeDefault.xctoolchain/usr/lib/clang/9.0.0/lib/darwin/libclang_rt.osx.a]
  collapse library dir [/usr/lib] ==> [/usr/lib]
  collapse library dir [/usr/local/lib] ==> [/usr/local/lib]
  collapse framework dir [/Library/Frameworks/] ==> [/Library/Frameworks]
  collapse framework dir [/System/Library/Frameworks/] ==> [/System/Library/Frameworks]
  implicit libs: []
  implicit dirs: [/usr/lib;/usr/local/lib]
  implicit fwks: [/Library/Frameworks;/System/Library/Frameworks]




Detecting C [-std=c11] compiler features compiled with the following output:
Change Dir: /Users/cbesse/projet/scop/lib/glfw/CMakeFiles/CMakeTmp

Run Build Command:"/usr/bin/make" "cmTC_042b7/fast"
/Applications/Xcode.app/Contents/Developer/usr/bin/make -f CMakeFiles/cmTC_042b7.dir/build.make CMakeFiles/cmTC_042b7.dir/build
Building C object CMakeFiles/cmTC_042b7.dir/feature_tests.c.o
/Applications/Xcode.app/Contents/Developer/Toolchains/XcodeDefault.xctoolchain/usr/bin/cc   -std=c11 -o CMakeFiles/cmTC_042b7.dir/feature_tests.c.o   -c /Users/cbesse/projet/scop/lib/glfw/CMakeFiles/feature_tests.c
Linking C executable cmTC_042b7
/Users/cbesse/.brew/Cellar/cmake/3.13.1/bin/cmake -E cmake_link_script CMakeFiles/cmTC_042b7.dir/link.txt --verbose=1
/Applications/Xcode.app/Contents/Developer/Toolchains/XcodeDefault.xctoolchain/usr/bin/cc   -Wl,-search_paths_first -Wl,-headerpad_max_install_names   CMakeFiles/cmTC_042b7.dir/feature_tests.c.o  -o cmTC_042b7 


    Feature record: C_FEATURE:1c_function_prototypes
    Feature record: C_FEATURE:1c_restrict
    Feature record: C_FEATURE:1c_static_assert
    Feature record: C_FEATURE:1c_variadic_macros


Detecting C [-std=c99] compiler features compiled with the following output:
Change Dir: /Users/cbesse/projet/scop/lib/glfw/CMakeFiles/CMakeTmp

Run Build Command:"/usr/bin/make" "cmTC_5e039/fast"
/Applications/Xcode.app/Contents/Developer/usr/bin/make -f CMakeFiles/cmTC_5e039.dir/build.make CMakeFiles/cmTC_5e039.dir/build
Building C object CMakeFiles/cmTC_5e039.dir/feature_tests.c.o
/Applications/Xcode.app/Contents/Developer/Toolchains/XcodeDefault.xctoolchain/usr/bin/cc   -std=c99 -o CMakeFiles/cmTC_5e039.dir/feature_tests.c.o   -c /Users/cbesse/projet/scop/lib/glfw/CMakeFiles/feature_tests.c
Linking C executable cmTC_5e039
/Users/cbesse/.brew/Cellar/cmake/3.13.1/bin/cmake -E cmake_link_script CMakeFiles/cmTC_5e039.dir/link.txt --verbose=1
/Applications/Xcode.app/Contents/Developer/Toolchains/XcodeDefault.xctoolchain/usr/bin/cc   -Wl,-search_paths_first -Wl,-headerpad_max_install_names   CMakeFiles/cmTC_5e039.dir/feature_tests.c.o  -o cmTC_5e039 


    Feature record: C_FEATURE:1c_function_prototypes
    Feature record: C_FEATURE:1c_restrict
    Feature record: C_FEATURE:0c_static_assert
    Feature record: C_FEATURE:1c_variadic_macros


Detecting C [-std=c90] compiler features compiled with the following output:
Change Dir: /Users/cbesse/projet/scop/lib/glfw/CMakeFiles/CMakeTmp

Run Build Command:"/usr/bin/make" "cmTC_67009/fast"
/Applications/Xcode.app/Contents/Developer/usr/bin/make -f CMakeFiles/cmTC_67009.dir/build.make CMakeFiles/cmTC_67009.dir/build
Building C object CMakeFiles/cmTC_67009.dir/feature_tests.c.o
/Applications/Xcode.app/Contents/Developer/Toolchains/XcodeDefault.xctoolchain/usr/bin/cc   -std=c90 -o CMakeFiles/cmTC_67009.dir/feature_tests.c.o   -c /Users/cbesse/projet/scop/lib/glfw/CMakeFiles/feature_tests.c
Linking C executable cmTC_67009
/Users/cbesse/.brew/Cellar/cmake/3.13.1/bin/cmake -E cmake_link_script CMakeFiles/cmTC_67009.dir/link.txt --verbose=1
/Applications/Xcode.app/Contents/Developer/Toolchains/XcodeDefault.xctoolchain/usr/bin/cc   -Wl,-search_paths_first -Wl,-headerpad_max_install_names   CMakeFiles/cmTC_67009.dir/feature_tests.c.o  -o cmTC_67009 


    Feature record: C_FEATURE:1c_function_prototypes
    Feature record: C_FEATURE:0c_restrict
    Feature record: C_FEATURE:0c_static_assert
    Feature record: C_FEATURE:0c_variadic_macros
Determining if the include file pthread.h exists passed with the following output:
Change Dir: /Users/cbesse/projet/scop/lib/glfw/CMakeFiles/CMakeTmp

Run Build Command:"/usr/bin/make" "cmTC_83681/fast"
/Applications/Xcode.app/Contents/Developer/usr/bin/make -f CMakeFiles/cmTC_83681.dir/build.make CMakeFiles/cmTC_83681.dir/build
Building C object CMakeFiles/cmTC_83681.dir/CheckIncludeFile.c.o
/Applications/Xcode.app/Contents/Developer/Toolchains/XcodeDefault.xctoolchain/usr/bin/cc    -o CMakeFiles/cmTC_83681.dir/CheckIncludeFile.c.o   -c /Users/cbesse/projet/scop/lib/glfw/CMakeFiles/CMakeTmp/CheckIncludeFile.c
Linking C executable cmTC_83681
/Users/cbesse/.brew/Cellar/cmake/3.13.1/bin/cmake -E cmake_link_script CMakeFiles/cmTC_83681.dir/link.txt --verbose=1
/Applications/Xcode.app/Contents/Developer/Toolchains/XcodeDefault.xctoolchain/usr/bin/cc   -Wl,-search_paths_first -Wl,-headerpad_max_install_names   CMakeFiles/cmTC_83681.dir/CheckIncludeFile.c.o  -o cmTC_83681 


Determining if the pthread_create exist passed with the following output:
Change Dir: /Users/cbesse/projet/scop/lib/glfw/CMakeFiles/CMakeTmp

Run Build Command:"/usr/bin/make" "cmTC_8d7ea/fast"
/Applications/Xcode.app/Contents/Developer/usr/bin/make -f CMakeFiles/cmTC_8d7ea.dir/build.make CMakeFiles/cmTC_8d7ea.dir/build
Building C object CMakeFiles/cmTC_8d7ea.dir/CheckSymbolExists.c.o
/Applications/Xcode.app/Contents/Developer/Toolchains/XcodeDefault.xctoolchain/usr/bin/cc    -o CMakeFiles/cmTC_8d7ea.dir/CheckSymbolExists.c.o   -c /Users/cbesse/projet/scop/lib/glfw/CMakeFiles/CMakeTmp/CheckSymbolExists.c
Linking C executable cmTC_8d7ea
/Users/cbesse/.brew/Cellar/cmake/3.13.1/bin/cmake -E cmake_link_script CMakeFiles/cmTC_8d7ea.dir/link.txt --verbose=1
/Applications/Xcode.app/Contents/Developer/Toolchains/XcodeDefault.xctoolchain/usr/bin/cc   -Wl,-search_paths_first -Wl,-headerpad_max_install_names   CMakeFiles/cmTC_8d7ea.dir/CheckSymbolExists.c.o  -o cmTC_8d7ea 

File /Users/cbesse/projet/scop/lib/glfw/CMakeFiles/CMakeTmp/CheckSymbolExists.c:
/* */
#include <pthread.h>

int main(int argc, char** argv)
{
  (void)argv;
#ifndef pthread_create
  return ((int*)(&pthread_create))[argc];
#else
  (void)argc;
  return 0;
#endif
}

